<?xml version="1.0" encoding="UTF-8"?>
<!-- Generated by org.testng.reporters.JUnitXMLReporter -->
<testsuite ignored="0" hostname="BLRL-DZ1D0J3-1" failures="1" tests="2" name="Errorvalidations" time="26.787" errors="0" timestamp="2023-01-13T22:12:10 IST">
  <testcase classname="rsclassesa.seleniumframework.ErrorValidation" name="errorCheck" time="1.18">
    <failure type="java.lang.AssertionError" message="expected [Incorrect email or password.] but found [Incorrect email password.]">
      <![CDATA[java.lang.AssertionError: expected [Incorrect email or password.] but found [Incorrect email password.]
at rsclassesa.seleniumframework.ErrorValidation.errorCheck(ErrorValidation.java:18)
at java.base/java.util.ArrayList.forEach(ArrayList.java:1511)
at java.base/java.util.concurrent.FutureTask.run(FutureTask.java:264)
at java.base/java.util.concurrent.ThreadPoolExecutor.runWorker(ThreadPoolExecutor.java:1136)
at java.base/java.util.concurrent.ThreadPoolExecutor$Worker.run(ThreadPoolExecutor.java:635)
at java.base/java.lang.Thread.run(Thread.java:833)
... Removed 23 stack frames]]>
    </failure>
  </testcase> <!-- errorCheck -->
  <testcase classname="rsclassesa.seleniumframework.ErrorValidation" name="productErrorMessage" time="10.63"/>
</testsuite> <!-- Errorvalidations -->
